2024-04-22 13:40:19,593 - HeliosCore - INFO - [INF|Core] Detection script started.
2024-04-22 13:40:53,680 - HeliosCore - INFO - [EVENT|Core] Server shutting down...
2024-04-22 13:41:00,917 - HeliosCore - INFO - [EVENT|Core] Server starting...
2024-04-22 13:41:00,918 - HeliosCore - INFO - [INF|Core] Voice command script started.
2024-04-22 13:41:01,921 - HeliosCore - INFO - [INF|Core] Detection script started.
2024-04-25 00:02:02,913 - HeliosCore - INFO - [EVENT|Core] Server starting...
2024-04-25 00:02:02,936 - HeliosCore - INFO - [INF|Core] Voice command script started.
2024-04-25 00:02:03,938 - HeliosCore - INFO - [INF|Core] Detection script started.
2024-04-25 00:09:25,607 - HeliosCore - INFO - [EVENT|Core] Server shutting down...
2024-04-25 00:11:27,936 - HeliosCore - INFO - [EVENT|Core] Server starting...
2024-04-25 00:11:27,937 - HeliosCore - INFO - 
[INF|Core] Voice command script started.
This may take some time...

2024-04-25 00:11:28,939 - HeliosCore - INFO - 
[INF|Core] Detection script started.
This may take some time...

2024-04-25 00:19:36,196 - HeliosCore - INFO - [EVENT|Core] Server shutting down...
2024-04-29 13:08:00,136 - HeliosCore - INFO - [EVENT|Core] Server starting...
2024-04-29 13:08:00,185 - HeliosCore - INFO - 
[INF|Core] Voice command script started.
This may take some time...

2024-04-29 13:08:01,187 - HeliosCore - INFO - 
[INF|Core] Detection script started.
This may take some time...

2024-04-29 13:10:01,731 - HeliosCore - INFO - [EVENT|Core] Server shutting down...
2024-04-29 13:10:09,903 - HeliosCore - INFO - [EVENT|Core] Server starting...
2024-04-29 13:10:09,904 - HeliosCore - INFO - 
[INF|Core] Voice command script started.
This may take some time...

2024-04-29 13:10:10,908 - HeliosCore - INFO - 
[INF|Core] Detection script started.
This may take some time...

2024-04-29 13:12:00,224 - HeliosCore - INFO - [EVENT|Core] Server shutting down...
2024-04-29 14:27:38,315 - HeliosCore - INFO - [EVENT|Core] Server starting...
2024-04-29 14:27:38,316 - HeliosCore - INFO - 
[INF|Core] Voice command script started.
This may take some time...

2024-04-29 14:27:39,320 - HeliosCore - INFO - 
[INF|Core] Detection script started.
This may take some time...

2024-04-29 14:35:07,873 - HeliosCore - INFO - [EVENT|Core] Server shutting down...
2024-04-29 14:35:12,754 - HeliosCore - INFO - [EVENT|Core] Server starting...
2024-04-29 14:35:12,755 - HeliosCore - INFO - 
[INF|Core] Voice command script started.
This may take some time...

2024-04-29 14:35:13,756 - HeliosCore - INFO - 
[INF|Core] Detection script started.
This may take some time...

